/home/rakhi/ros2_ws/install/voice_assistant_pkg/lib/python3.12/site-packages/voice_assistant_pkg/input_node.py
/home/rakhi/ros2_ws/install/voice_assistant_pkg/lib/python3.12/site-packages/voice_assistant_pkg/msg_types.py
/home/rakhi/ros2_ws/install/voice_assistant_pkg/lib/python3.12/site-packages/voice_assistant_pkg/__init__.py
/home/rakhi/ros2_ws/install/voice_assistant_pkg/lib/python3.12/site-packages/voice_assistant_pkg/agent_node.py
/home/rakhi/ros2_ws/install/voice_assistant_pkg/lib/python3.12/site-packages/voice_assistant_pkg/output_node.py
/home/rakhi/ros2_ws/install/voice_assistant_pkg/lib/python3.12/site-packages/voice_assistant_pkg/__pycache__/input_node.cpython-312.pyc
/home/rakhi/ros2_ws/install/voice_assistant_pkg/lib/python3.12/site-packages/voice_assistant_pkg/__pycache__/msg_types.cpython-312.pyc
/home/rakhi/ros2_ws/install/voice_assistant_pkg/lib/python3.12/site-packages/voice_assistant_pkg/__pycache__/__init__.cpython-312.pyc
/home/rakhi/ros2_ws/install/voice_assistant_pkg/lib/python3.12/site-packages/voice_assistant_pkg/__pycache__/agent_node.cpython-312.pyc
/home/rakhi/ros2_ws/install/voice_assistant_pkg/lib/python3.12/site-packages/voice_assistant_pkg/__pycache__/output_node.cpython-312.pyc
/home/rakhi/ros2_ws/install/voice_assistant_pkg/share/ament_index/resource_index/packages/voice_assistant_pkg
/home/rakhi/ros2_ws/install/voice_assistant_pkg/share/voice_assistant_pkg/package.xml
/home/rakhi/ros2_ws/install/voice_assistant_pkg/share/voice_assistant_pkg/launch/voice_assistant_launch.py
/home/rakhi/ros2_ws/install/voice_assistant_pkg/share/voice_assistant_pkg/config
/home/rakhi/ros2_ws/install/voice_assistant_pkg/lib/python3.12/site-packages/voice_assistant_pkg-0.0.0-py3.12.egg-info/dependency_links.txt
/home/rakhi/ros2_ws/install/voice_assistant_pkg/lib/python3.12/site-packages/voice_assistant_pkg-0.0.0-py3.12.egg-info/PKG-INFO
/home/rakhi/ros2_ws/install/voice_assistant_pkg/lib/python3.12/site-packages/voice_assistant_pkg-0.0.0-py3.12.egg-info/entry_points.txt
/home/rakhi/ros2_ws/install/voice_assistant_pkg/lib/python3.12/site-packages/voice_assistant_pkg-0.0.0-py3.12.egg-info/top_level.txt
/home/rakhi/ros2_ws/install/voice_assistant_pkg/lib/python3.12/site-packages/voice_assistant_pkg-0.0.0-py3.12.egg-info/requires.txt
/home/rakhi/ros2_ws/install/voice_assistant_pkg/lib/python3.12/site-packages/voice_assistant_pkg-0.0.0-py3.12.egg-info/zip-safe
/home/rakhi/ros2_ws/install/voice_assistant_pkg/lib/python3.12/site-packages/voice_assistant_pkg-0.0.0-py3.12.egg-info/SOURCES.txt
/home/rakhi/ros2_ws/install/voice_assistant_pkg/lib/voice_assistant_pkg/agent_node
/home/rakhi/ros2_ws/install/voice_assistant_pkg/lib/voice_assistant_pkg/input_node
/home/rakhi/ros2_ws/install/voice_assistant_pkg/lib/voice_assistant_pkg/output_node
