[1.065s] Invoking command in '/home/rakhi/ros2_ws/src/voice_assistant_pkg': PYTHONPATH=/home/rakhi/ros2_ws/build/voice_assistant_pkg/prefix_override:/usr/lib/python3/dist-packages/colcon_core/task/python/colcon_distutils_commands:/home/rakhi/ros2_ws/install/voice_assistant_pkg/lib/python3.12/site-packages:${PYTHONPATH} /usr/bin/python3 -W ignore:setup.py install is deprecated -W ignore:easy_install command is deprecated setup.py egg_info --egg-base ../../build/voice_assistant_pkg build --build-base /home/rakhi/ros2_ws/build/voice_assistant_pkg/build install --record /home/rakhi/ros2_ws/build/voice_assistant_pkg/install.log --single-version-externally-managed install_data
[1.388s] running egg_info
[1.408s] writing ../../build/voice_assistant_pkg/voice_assistant_pkg.egg-info/PKG-INFO
[1.409s] writing dependency_links to ../../build/voice_assistant_pkg/voice_assistant_pkg.egg-info/dependency_links.txt
[1.410s] writing entry points to ../../build/voice_assistant_pkg/voice_assistant_pkg.egg-info/entry_points.txt
[1.410s] writing requirements to ../../build/voice_assistant_pkg/voice_assistant_pkg.egg-info/requires.txt
[1.411s] writing top-level names to ../../build/voice_assistant_pkg/voice_assistant_pkg.egg-info/top_level.txt
[1.456s] reading manifest file '../../build/voice_assistant_pkg/voice_assistant_pkg.egg-info/SOURCES.txt'
[1.457s] writing manifest file '../../build/voice_assistant_pkg/voice_assistant_pkg.egg-info/SOURCES.txt'
[1.457s] running build
[1.457s] running build_py
[1.458s] running install
[1.467s] running install_lib
[1.490s] running install_data
[1.490s] running install_egg_info
[1.513s] removing '/home/rakhi/ros2_ws/install/voice_assistant_pkg/lib/python3.12/site-packages/voice_assistant_pkg-0.0.0-py3.12.egg-info' (and everything under it)
[1.513s] Copying ../../build/voice_assistant_pkg/voice_assistant_pkg.egg-info to /home/rakhi/ros2_ws/install/voice_assistant_pkg/lib/python3.12/site-packages/voice_assistant_pkg-0.0.0-py3.12.egg-info
[1.515s] running install_scripts
[1.674s] Installing agent_node script to /home/rakhi/ros2_ws/install/voice_assistant_pkg/lib/voice_assistant_pkg
[1.674s] Installing input_node script to /home/rakhi/ros2_ws/install/voice_assistant_pkg/lib/voice_assistant_pkg
[1.675s] Installing output_node script to /home/rakhi/ros2_ws/install/voice_assistant_pkg/lib/voice_assistant_pkg
[1.677s] writing list of installed files to '/home/rakhi/ros2_ws/build/voice_assistant_pkg/install.log'
[1.751s] Invoked command in '/home/rakhi/ros2_ws/src/voice_assistant_pkg' returned '0': PYTHONPATH=/home/rakhi/ros2_ws/build/voice_assistant_pkg/prefix_override:/usr/lib/python3/dist-packages/colcon_core/task/python/colcon_distutils_commands:/home/rakhi/ros2_ws/install/voice_assistant_pkg/lib/python3.12/site-packages:${PYTHONPATH} /usr/bin/python3 -W ignore:setup.py install is deprecated -W ignore:easy_install command is deprecated setup.py egg_info --egg-base ../../build/voice_assistant_pkg build --build-base /home/rakhi/ros2_ws/build/voice_assistant_pkg/build install --record /home/rakhi/ros2_ws/build/voice_assistant_pkg/install.log --single-version-externally-managed install_data
