running egg_info
writing ../../build/voice_assistant_pkg/voice_assistant_pkg.egg-info/PKG-INFO
writing dependency_links to ../../build/voice_assistant_pkg/voice_assistant_pkg.egg-info/dependency_links.txt
writing entry points to ../../build/voice_assistant_pkg/voice_assistant_pkg.egg-info/entry_points.txt
writing requirements to ../../build/voice_assistant_pkg/voice_assistant_pkg.egg-info/requires.txt
writing top-level names to ../../build/voice_assistant_pkg/voice_assistant_pkg.egg-info/top_level.txt
reading manifest file '../../build/voice_assistant_pkg/voice_assistant_pkg.egg-info/SOURCES.txt'
writing manifest file '../../build/voice_assistant_pkg/voice_assistant_pkg.egg-info/SOURCES.txt'
running build
running build_py
running install
running install_lib
running install_data
running install_egg_info
removing '/home/rakhi/ros2_ws/install/voice_assistant_pkg/lib/python3.12/site-packages/voice_assistant_pkg-0.0.0-py3.12.egg-info' (and everything under it)
Copying ../../build/voice_assistant_pkg/voice_assistant_pkg.egg-info to /home/rakhi/ros2_ws/install/voice_assistant_pkg/lib/python3.12/site-packages/voice_assistant_pkg-0.0.0-py3.12.egg-info
running install_scripts
Installing agent_node script to /home/rakhi/ros2_ws/install/voice_assistant_pkg/lib/voice_assistant_pkg
Installing input_node script to /home/rakhi/ros2_ws/install/voice_assistant_pkg/lib/voice_assistant_pkg
Installing output_node script to /home/rakhi/ros2_ws/install/voice_assistant_pkg/lib/voice_assistant_pkg
writing list of installed files to '/home/rakhi/ros2_ws/build/voice_assistant_pkg/install.log'
