[1.305s] Invoking command in '/home/rakhi/ros2_ws/src/voice_assistant_pkg': PYTHONPATH=/home/rakhi/ros2_ws/build/voice_assistant_pkg/prefix_override:/usr/lib/python3/dist-packages/colcon_core/task/python/colcon_distutils_commands:/home/rakhi/ros2_ws/install/voice_assistant_pkg/lib/python3.12/site-packages:${PYTHONPATH} /usr/bin/python3 -W ignore:setup.py install is deprecated -W ignore:easy_install command is deprecated setup.py egg_info --egg-base ../../build/voice_assistant_pkg build --build-base /home/rakhi/ros2_ws/build/voice_assistant_pkg/build install --record /home/rakhi/ros2_ws/build/voice_assistant_pkg/install.log --single-version-externally-managed install_data
[1.614s] running egg_info
[1.614s] creating ../../build/voice_assistant_pkg/voice_assistant_pkg.egg-info
[1.638s] writing ../../build/voice_assistant_pkg/voice_assistant_pkg.egg-info/PKG-INFO
[1.638s] writing dependency_links to ../../build/voice_assistant_pkg/voice_assistant_pkg.egg-info/dependency_links.txt
[1.639s] writing entry points to ../../build/voice_assistant_pkg/voice_assistant_pkg.egg-info/entry_points.txt
[1.639s] writing requirements to ../../build/voice_assistant_pkg/voice_assistant_pkg.egg-info/requires.txt
[1.639s] writing top-level names to ../../build/voice_assistant_pkg/voice_assistant_pkg.egg-info/top_level.txt
[1.639s] writing manifest file '../../build/voice_assistant_pkg/voice_assistant_pkg.egg-info/SOURCES.txt'
[1.677s] reading manifest file '../../build/voice_assistant_pkg/voice_assistant_pkg.egg-info/SOURCES.txt'
[1.678s] writing manifest file '../../build/voice_assistant_pkg/voice_assistant_pkg.egg-info/SOURCES.txt'
[1.678s] running build
[1.678s] running build_py
[1.678s] creating /home/rakhi/ros2_ws/build/voice_assistant_pkg/build
[1.678s] creating /home/rakhi/ros2_ws/build/voice_assistant_pkg/build/lib
[1.678s] creating /home/rakhi/ros2_ws/build/voice_assistant_pkg/build/lib/voice_assistant_pkg
[1.679s] copying voice_assistant_pkg/input_node.py -> /home/rakhi/ros2_ws/build/voice_assistant_pkg/build/lib/voice_assistant_pkg
[1.679s] copying voice_assistant_pkg/msg_types.py -> /home/rakhi/ros2_ws/build/voice_assistant_pkg/build/lib/voice_assistant_pkg
[1.679s] copying voice_assistant_pkg/__init__.py -> /home/rakhi/ros2_ws/build/voice_assistant_pkg/build/lib/voice_assistant_pkg
[1.679s] copying voice_assistant_pkg/agent_node.py -> /home/rakhi/ros2_ws/build/voice_assistant_pkg/build/lib/voice_assistant_pkg
[1.679s] copying voice_assistant_pkg/output_node.py -> /home/rakhi/ros2_ws/build/voice_assistant_pkg/build/lib/voice_assistant_pkg
[1.680s] running install
[1.689s] running install_lib
[1.709s] creating /home/rakhi/ros2_ws/install/voice_assistant_pkg/lib/python3.12/site-packages/voice_assistant_pkg
[1.709s] copying /home/rakhi/ros2_ws/build/voice_assistant_pkg/build/lib/voice_assistant_pkg/input_node.py -> /home/rakhi/ros2_ws/install/voice_assistant_pkg/lib/python3.12/site-packages/voice_assistant_pkg
[1.709s] copying /home/rakhi/ros2_ws/build/voice_assistant_pkg/build/lib/voice_assistant_pkg/msg_types.py -> /home/rakhi/ros2_ws/install/voice_assistant_pkg/lib/python3.12/site-packages/voice_assistant_pkg
[1.709s] copying /home/rakhi/ros2_ws/build/voice_assistant_pkg/build/lib/voice_assistant_pkg/__init__.py -> /home/rakhi/ros2_ws/install/voice_assistant_pkg/lib/python3.12/site-packages/voice_assistant_pkg
[1.709s] copying /home/rakhi/ros2_ws/build/voice_assistant_pkg/build/lib/voice_assistant_pkg/agent_node.py -> /home/rakhi/ros2_ws/install/voice_assistant_pkg/lib/python3.12/site-packages/voice_assistant_pkg
[1.709s] copying /home/rakhi/ros2_ws/build/voice_assistant_pkg/build/lib/voice_assistant_pkg/output_node.py -> /home/rakhi/ros2_ws/install/voice_assistant_pkg/lib/python3.12/site-packages/voice_assistant_pkg
[1.710s] byte-compiling /home/rakhi/ros2_ws/install/voice_assistant_pkg/lib/python3.12/site-packages/voice_assistant_pkg/input_node.py to input_node.cpython-312.pyc
[1.711s] byte-compiling /home/rakhi/ros2_ws/install/voice_assistant_pkg/lib/python3.12/site-packages/voice_assistant_pkg/msg_types.py to msg_types.cpython-312.pyc
[1.711s] byte-compiling /home/rakhi/ros2_ws/install/voice_assistant_pkg/lib/python3.12/site-packages/voice_assistant_pkg/__init__.py to __init__.cpython-312.pyc
[1.712s] byte-compiling /home/rakhi/ros2_ws/install/voice_assistant_pkg/lib/python3.12/site-packages/voice_assistant_pkg/agent_node.py to agent_node.cpython-312.pyc
[1.713s] byte-compiling /home/rakhi/ros2_ws/install/voice_assistant_pkg/lib/python3.12/site-packages/voice_assistant_pkg/output_node.py to output_node.cpython-312.pyc
[1.714s] running install_data
[1.714s] creating /home/rakhi/ros2_ws/install/voice_assistant_pkg/share/ament_index
[1.714s] creating /home/rakhi/ros2_ws/install/voice_assistant_pkg/share/ament_index/resource_index
[1.714s] creating /home/rakhi/ros2_ws/install/voice_assistant_pkg/share/ament_index/resource_index/packages
[1.714s] copying resource/voice_assistant_pkg -> /home/rakhi/ros2_ws/install/voice_assistant_pkg/share/ament_index/resource_index/packages
[1.714s] copying package.xml -> /home/rakhi/ros2_ws/install/voice_assistant_pkg/share/voice_assistant_pkg
[1.714s] creating /home/rakhi/ros2_ws/install/voice_assistant_pkg/share/voice_assistant_pkg/launch
[1.714s] copying launch/voice_assistant_launch.py -> /home/rakhi/ros2_ws/install/voice_assistant_pkg/share/voice_assistant_pkg/launch
[1.715s] creating /home/rakhi/ros2_ws/install/voice_assistant_pkg/share/voice_assistant_pkg/config
[1.715s] running install_egg_info
[1.736s] Copying ../../build/voice_assistant_pkg/voice_assistant_pkg.egg-info to /home/rakhi/ros2_ws/install/voice_assistant_pkg/lib/python3.12/site-packages/voice_assistant_pkg-0.0.0-py3.12.egg-info
[1.737s] running install_scripts
[1.884s] Installing agent_node script to /home/rakhi/ros2_ws/install/voice_assistant_pkg/lib/voice_assistant_pkg
[1.884s] Installing input_node script to /home/rakhi/ros2_ws/install/voice_assistant_pkg/lib/voice_assistant_pkg
[1.884s] Installing output_node script to /home/rakhi/ros2_ws/install/voice_assistant_pkg/lib/voice_assistant_pkg
[1.885s] writing list of installed files to '/home/rakhi/ros2_ws/build/voice_assistant_pkg/install.log'
[1.959s] Invoked command in '/home/rakhi/ros2_ws/src/voice_assistant_pkg' returned '0': PYTHONPATH=/home/rakhi/ros2_ws/build/voice_assistant_pkg/prefix_override:/usr/lib/python3/dist-packages/colcon_core/task/python/colcon_distutils_commands:/home/rakhi/ros2_ws/install/voice_assistant_pkg/lib/python3.12/site-packages:${PYTHONPATH} /usr/bin/python3 -W ignore:setup.py install is deprecated -W ignore:easy_install command is deprecated setup.py egg_info --egg-base ../../build/voice_assistant_pkg build --build-base /home/rakhi/ros2_ws/build/voice_assistant_pkg/build install --record /home/rakhi/ros2_ws/build/voice_assistant_pkg/install.log --single-version-externally-managed install_data
